Analysis & Synthesis report for TrabalhoFinal
Wed May 05 23:12:40 2021
Quartus II 64-Bit Version 13.0.1 Build 232 06/12/2013 Service Pack 1 SJ Web Edition


---------------------
; Table of Contents ;
---------------------
  1. Legal Notice
  2. Analysis & Synthesis Summary
  3. Analysis & Synthesis Settings
  4. Parallel Compilation
  5. Analysis & Synthesis Source Files Read
  6. Analysis & Synthesis Resource Usage Summary
  7. Analysis & Synthesis Resource Utilization by Entity
  8. Analysis & Synthesis RAM Summary
  9. Analysis & Synthesis IP Cores Summary
 10. State Machine - |TrabalhoFinal|bc:blocontrole|state
 11. User-Specified and Inferred Latches
 12. Registers Removed During Synthesis
 13. General Register Statistics
 14. Inverted Register Statistics
 15. Multiplexer Restructuring Statistics (Restructuring Performed)
 16. Source assignments for bo:blocoperativo|ROM:memoria|altsyncram:altsyncram_component|altsyncram_pa81:auto_generated
 17. Parameter Settings for User Entity Instance: Top-level Entity: |TrabalhoFinal
 18. Parameter Settings for User Entity Instance: bo:blocoperativo
 19. Parameter Settings for User Entity Instance: bo:blocoperativo|ROM:memoria|altsyncram:altsyncram_component
 20. Parameter Settings for User Entity Instance: bo:blocoperativo|reg:regA
 21. Parameter Settings for User Entity Instance: bo:blocoperativo|reg:regB
 22. Parameter Settings for User Entity Instance: bo:blocoperativo|reg:regOp
 23. Parameter Settings for User Entity Instance: bo:blocoperativo|reg:regS
 24. Parameter Settings for User Entity Instance: bo:blocoperativo|reg:regZ
 25. Parameter Settings for User Entity Instance: bo:blocoperativo|ula:ula1
 26. Parameter Settings for User Entity Instance: bo:blocoperativo|WallaceTree:multi
 27. Parameter Settings for User Entity Instance: bo:blocoperativo|WallaceTree:multi|andvector:\ESTAGIO1:0:ANDLIST
 28. Parameter Settings for User Entity Instance: bo:blocoperativo|WallaceTree:multi|andvector:\ESTAGIO1:1:ANDLIST
 29. Parameter Settings for User Entity Instance: bo:blocoperativo|WallaceTree:multi|andvector:\ESTAGIO1:2:ANDLIST
 30. Parameter Settings for User Entity Instance: bo:blocoperativo|WallaceTree:multi|andvector:\ESTAGIO1:3:ANDLIST
 31. Parameter Settings for User Entity Instance: bo:blocoperativo|WallaceTree:multi|andvector:\ESTAGIO1:4:ANDLIST
 32. Parameter Settings for User Entity Instance: bo:blocoperativo|WallaceTree:multi|andvector:\ESTAGIO1:5:ANDLIST
 33. Parameter Settings for User Entity Instance: bo:blocoperativo|WallaceTree:multi|andvector:\ESTAGIO1:6:ANDLIST
 34. Parameter Settings for User Entity Instance: bo:blocoperativo|WallaceTree:multi|andvector:\ESTAGIO1:7:ANDLIST
 35. Parameter Settings for User Entity Instance: bo:blocoperativo|WallaceTree:multi|andvector:\ESTAGIO1:8:ANDLIST
 36. Parameter Settings for User Entity Instance: bo:blocoperativo|WallaceTree:multi|andvector:\ESTAGIO1:9:ANDLIST
 37. Parameter Settings for User Entity Instance: bo:blocoperativo|WallaceTree:multi|andvector:\ESTAGIO1:10:ANDLIST
 38. Parameter Settings for User Entity Instance: bo:blocoperativo|WallaceTree:multi|andvector:\ESTAGIO1:11:ANDLIST
 39. Parameter Settings for User Entity Instance: bo:blocoperativo|WallaceTree:multi|andvector:\ESTAGIO1:12:ANDLIST
 40. Parameter Settings for User Entity Instance: bo:blocoperativo|WallaceTree:multi|andvector:\ESTAGIO1:13:ANDLIST
 41. Parameter Settings for User Entity Instance: bo:blocoperativo|WallaceTree:multi|andvector:\ESTAGIO1:14:ANDLIST
 42. Parameter Settings for User Entity Instance: bo:blocoperativo|WallaceTree:multi|andvector:\ESTAGIO1:15:ANDLIST
 43. Parameter Settings for Inferred Entity Instance: bo:blocoperativo|ula:ula1|lpm_divide:Div0
 44. altsyncram Parameter Settings by Entity Instance
 45. Port Connectivity Checks: "bo:blocoperativo|WallaceTree:multi"
 46. Elapsed Time Per Partition
 47. Analysis & Synthesis Messages



----------------
; Legal Notice ;
----------------
Copyright (C) 1991-2013 Altera Corporation
Your use of Altera Corporation's design tools, logic functions 
and other software and tools, and its AMPP partner logic 
functions, and any output files from any of the foregoing 
(including device programming or simulation files), and any 
associated documentation or information are expressly subject 
to the terms and conditions of the Altera Program License 
Subscription Agreement, Altera MegaCore Function License 
Agreement, or other applicable license agreement, including, 
without limitation, that your use is for the sole purpose of 
programming logic devices manufactured by Altera and sold by 
Altera or its authorized distributors.  Please refer to the 
applicable agreement for further details.



+--------------------------------------------------------------------------------------+
; Analysis & Synthesis Summary                                                         ;
+------------------------------------+-------------------------------------------------+
; Analysis & Synthesis Status        ; Successful - Wed May 05 23:12:40 2021           ;
; Quartus II 64-Bit Version          ; 13.0.1 Build 232 06/12/2013 SP 1 SJ Web Edition ;
; Revision Name                      ; TrabalhoFinal                                   ;
; Top-level Entity Name              ; TrabalhoFinal                                   ;
; Family                             ; Cyclone II                                      ;
; Total logic elements               ; 804                                             ;
;     Total combinational functions  ; 764                                             ;
;     Dedicated logic registers      ; 84                                              ;
; Total registers                    ; 84                                              ;
; Total pins                         ; 19                                              ;
; Total virtual pins                 ; 0                                               ;
; Total memory bits                  ; 512                                             ;
; Embedded Multiplier 9-bit elements ; 0                                               ;
; Total PLLs                         ; 0                                               ;
+------------------------------------+-------------------------------------------------+


+----------------------------------------------------------------------------------------------------------------------+
; Analysis & Synthesis Settings                                                                                        ;
+----------------------------------------------------------------------------+--------------------+--------------------+
; Option                                                                     ; Setting            ; Default Value      ;
+----------------------------------------------------------------------------+--------------------+--------------------+
; Device                                                                     ; EP2C35F672C6       ;                    ;
; Top-level entity name                                                      ; TrabalhoFinal      ; TrabalhoFinal      ;
; Family name                                                                ; Cyclone II         ; Cyclone IV GX      ;
; Use smart compilation                                                      ; Off                ; Off                ;
; Enable parallel Assembler and TimeQuest Timing Analyzer during compilation ; On                 ; On                 ;
; Enable compact report table                                                ; Off                ; Off                ;
; Restructure Multiplexers                                                   ; Auto               ; Auto               ;
; Create Debugging Nodes for IP Cores                                        ; Off                ; Off                ;
; Preserve fewer node names                                                  ; On                 ; On                 ;
; Disable OpenCore Plus hardware evaluation                                  ; Off                ; Off                ;
; Verilog Version                                                            ; Verilog_2001       ; Verilog_2001       ;
; VHDL Version                                                               ; VHDL_1993          ; VHDL_1993          ;
; State Machine Processing                                                   ; Auto               ; Auto               ;
; Safe State Machine                                                         ; Off                ; Off                ;
; Extract Verilog State Machines                                             ; On                 ; On                 ;
; Extract VHDL State Machines                                                ; On                 ; On                 ;
; Ignore Verilog initial constructs                                          ; Off                ; Off                ;
; Iteration limit for constant Verilog loops                                 ; 5000               ; 5000               ;
; Iteration limit for non-constant Verilog loops                             ; 250                ; 250                ;
; Add Pass-Through Logic to Inferred RAMs                                    ; On                 ; On                 ;
; Infer RAMs from Raw Logic                                                  ; On                 ; On                 ;
; Parallel Synthesis                                                         ; On                 ; On                 ;
; DSP Block Balancing                                                        ; Auto               ; Auto               ;
; NOT Gate Push-Back                                                         ; On                 ; On                 ;
; Power-Up Don't Care                                                        ; On                 ; On                 ;
; Remove Redundant Logic Cells                                               ; Off                ; Off                ;
; Remove Duplicate Registers                                                 ; On                 ; On                 ;
; Ignore CARRY Buffers                                                       ; Off                ; Off                ;
; Ignore CASCADE Buffers                                                     ; Off                ; Off                ;
; Ignore GLOBAL Buffers                                                      ; Off                ; Off                ;
; Ignore ROW GLOBAL Buffers                                                  ; Off                ; Off                ;
; Ignore LCELL Buffers                                                       ; Off                ; Off                ;
; Ignore SOFT Buffers                                                        ; On                 ; On                 ;
; Limit AHDL Integers to 32 Bits                                             ; Off                ; Off                ;
; Optimization Technique                                                     ; Balanced           ; Balanced           ;
; Carry Chain Length                                                         ; 70                 ; 70                 ;
; Auto Carry Chains                                                          ; On                 ; On                 ;
; Auto Open-Drain Pins                                                       ; On                 ; On                 ;
; Perform WYSIWYG Primitive Resynthesis                                      ; Off                ; Off                ;
; Auto ROM Replacement                                                       ; On                 ; On                 ;
; Auto RAM Replacement                                                       ; On                 ; On                 ;
; Auto Shift Register Replacement                                            ; Auto               ; Auto               ;
; Allow Shift Register Merging across Hierarchies                            ; Auto               ; Auto               ;
; Auto Clock Enable Replacement                                              ; On                 ; On                 ;
; Strict RAM Replacement                                                     ; Off                ; Off                ;
; Allow Synchronous Control Signals                                          ; On                 ; On                 ;
; Force Use of Synchronous Clear Signals                                     ; Off                ; Off                ;
; Auto RAM to Logic Cell Conversion                                          ; Off                ; Off                ;
; Auto Resource Sharing                                                      ; Off                ; Off                ;
; Allow Any RAM Size For Recognition                                         ; Off                ; Off                ;
; Allow Any ROM Size For Recognition                                         ; Off                ; Off                ;
; Allow Any Shift Register Size For Recognition                              ; Off                ; Off                ;
; Use LogicLock Constraints during Resource Balancing                        ; On                 ; On                 ;
; Ignore translate_off and synthesis_off directives                          ; Off                ; Off                ;
; Timing-Driven Synthesis                                                    ; Off                ; Off                ;
; Report Parameter Settings                                                  ; On                 ; On                 ;
; Report Source Assignments                                                  ; On                 ; On                 ;
; Report Connectivity Checks                                                 ; On                 ; On                 ;
; Ignore Maximum Fan-Out Assignments                                         ; Off                ; Off                ;
; Synchronization Register Chain Length                                      ; 2                  ; 2                  ;
; PowerPlay Power Optimization                                               ; Normal compilation ; Normal compilation ;
; HDL message level                                                          ; Level2             ; Level2             ;
; Suppress Register Optimization Related Messages                            ; Off                ; Off                ;
; Number of Removed Registers Reported in Synthesis Report                   ; 5000               ; 5000               ;
; Number of Swept Nodes Reported in Synthesis Report                         ; 5000               ; 5000               ;
; Number of Inverted Registers Reported in Synthesis Report                  ; 100                ; 100                ;
; Clock MUX Protection                                                       ; On                 ; On                 ;
; Auto Gated Clock Conversion                                                ; Off                ; Off                ;
; Block Design Naming                                                        ; Auto               ; Auto               ;
; SDC constraint protection                                                  ; Off                ; Off                ;
; Synthesis Effort                                                           ; Auto               ; Auto               ;
; Shift Register Replacement - Allow Asynchronous Clear Signal               ; On                 ; On                 ;
; Pre-Mapping Resynthesis Optimization                                       ; Off                ; Off                ;
; Analysis & Synthesis Message Level                                         ; Medium             ; Medium             ;
; Disable Register Merging Across Hierarchies                                ; Auto               ; Auto               ;
; Resource Aware Inference For Block RAM                                     ; On                 ; On                 ;
; Synthesis Seed                                                             ; 1                  ; 1                  ;
+----------------------------------------------------------------------------+--------------------+--------------------+


Parallel compilation was disabled, but you have multiple processors available. Enable parallel compilation to reduce compilation time.
+-------------------------------------+
; Parallel Compilation                ;
+----------------------------+--------+
; Processors                 ; Number ;
+----------------------------+--------+
; Number detected on machine ; 4      ;
; Maximum allowed            ; 1      ;
+----------------------------+--------+


+-------------------------------------------------------------------------------------------------------------------------------------------------------------------------------------+
; Analysis & Synthesis Source Files Read                                                                                                                                              ;
+----------------------------------+-----------------+----------------------------------------+-----------------------------------------------------------------------------+---------+
; File Name with User-Entered Path ; Used in Netlist ; File Type                              ; File Name with Absolute Path                                                ; Library ;
+----------------------------------+-----------------+----------------------------------------+-----------------------------------------------------------------------------+---------+
; TrabalhoFinal.vhd                ; yes             ; User VHDL File                         ; C:/Users/Marki/Desktop/ProjetosQuartus/TrabalhoFinal/TrabalhoFinal.vhd      ;         ;
; bo.vhd                           ; yes             ; User VHDL File                         ; C:/Users/Marki/Desktop/ProjetosQuartus/TrabalhoFinal/bo.vhd                 ;         ;
; bc.vhd                           ; yes             ; User VHDL File                         ; C:/Users/Marki/Desktop/ProjetosQuartus/TrabalhoFinal/bc.vhd                 ;         ;
; reg.vhd                          ; yes             ; User VHDL File                         ; C:/Users/Marki/Desktop/ProjetosQuartus/TrabalhoFinal/reg.vhd                ;         ;
; contador.vhd                     ; yes             ; User VHDL File                         ; C:/Users/Marki/Desktop/ProjetosQuartus/TrabalhoFinal/contador.vhd           ;         ;
; ula.vhd                          ; yes             ; User VHDL File                         ; C:/Users/Marki/Desktop/ProjetosQuartus/TrabalhoFinal/ula.vhd                ;         ;
; ROM.vhd                          ; yes             ; User Wizard-Generated File             ; C:/Users/Marki/Desktop/ProjetosQuartus/TrabalhoFinal/ROM.vhd                ;         ;
; and_vector.vhd                   ; yes             ; User VHDL File                         ; C:/Users/Marki/Desktop/ProjetosQuartus/TrabalhoFinal/and_vector.vhd         ;         ;
; multiplicador.vhd                ; yes             ; User VHDL File                         ; C:/Users/Marki/Desktop/ProjetosQuartus/TrabalhoFinal/multiplicador.vhd      ;         ;
; altsyncram.tdf                   ; yes             ; Megafunction                           ; g:/altera/13.0sp1/quartus/libraries/megafunctions/altsyncram.tdf            ;         ;
; stratix_ram_block.inc            ; yes             ; Megafunction                           ; g:/altera/13.0sp1/quartus/libraries/megafunctions/stratix_ram_block.inc     ;         ;
; lpm_mux.inc                      ; yes             ; Megafunction                           ; g:/altera/13.0sp1/quartus/libraries/megafunctions/lpm_mux.inc               ;         ;
; lpm_decode.inc                   ; yes             ; Megafunction                           ; g:/altera/13.0sp1/quartus/libraries/megafunctions/lpm_decode.inc            ;         ;
; aglobal130.inc                   ; yes             ; Megafunction                           ; g:/altera/13.0sp1/quartus/libraries/megafunctions/aglobal130.inc            ;         ;
; a_rdenreg.inc                    ; yes             ; Megafunction                           ; g:/altera/13.0sp1/quartus/libraries/megafunctions/a_rdenreg.inc             ;         ;
; altrom.inc                       ; yes             ; Megafunction                           ; g:/altera/13.0sp1/quartus/libraries/megafunctions/altrom.inc                ;         ;
; altram.inc                       ; yes             ; Megafunction                           ; g:/altera/13.0sp1/quartus/libraries/megafunctions/altram.inc                ;         ;
; altdpram.inc                     ; yes             ; Megafunction                           ; g:/altera/13.0sp1/quartus/libraries/megafunctions/altdpram.inc              ;         ;
; db/altsyncram_pa81.tdf           ; yes             ; Auto-Generated Megafunction            ; C:/Users/Marki/Desktop/ProjetosQuartus/TrabalhoFinal/db/altsyncram_pa81.tdf ;         ;
; rom_text_16b.mif                 ; yes             ; Auto-Found Memory Initialization File  ; C:/Users/Marki/Desktop/ProjetosQuartus/TrabalhoFinal/rom_text_16b.mif       ;         ;
; lpm_divide.tdf                   ; yes             ; Megafunction                           ; g:/altera/13.0sp1/quartus/libraries/megafunctions/lpm_divide.tdf            ;         ;
; abs_divider.inc                  ; yes             ; Megafunction                           ; g:/altera/13.0sp1/quartus/libraries/megafunctions/abs_divider.inc           ;         ;
; sign_div_unsign.inc              ; yes             ; Megafunction                           ; g:/altera/13.0sp1/quartus/libraries/megafunctions/sign_div_unsign.inc       ;         ;
; db/lpm_divide_rto.tdf            ; yes             ; Auto-Generated Megafunction            ; C:/Users/Marki/Desktop/ProjetosQuartus/TrabalhoFinal/db/lpm_divide_rto.tdf  ;         ;
; db/abs_divider_8dg.tdf           ; yes             ; Auto-Generated Megafunction            ; C:/Users/Marki/Desktop/ProjetosQuartus/TrabalhoFinal/db/abs_divider_8dg.tdf ;         ;
; db/alt_u_div_s5f.tdf             ; yes             ; Auto-Generated Megafunction            ; C:/Users/Marki/Desktop/ProjetosQuartus/TrabalhoFinal/db/alt_u_div_s5f.tdf   ;         ;
; db/add_sub_lkc.tdf               ; yes             ; Auto-Generated Megafunction            ; C:/Users/Marki/Desktop/ProjetosQuartus/TrabalhoFinal/db/add_sub_lkc.tdf     ;         ;
; db/add_sub_mkc.tdf               ; yes             ; Auto-Generated Megafunction            ; C:/Users/Marki/Desktop/ProjetosQuartus/TrabalhoFinal/db/add_sub_mkc.tdf     ;         ;
; db/lpm_abs_2s9.tdf               ; yes             ; Auto-Generated Megafunction            ; C:/Users/Marki/Desktop/ProjetosQuartus/TrabalhoFinal/db/lpm_abs_2s9.tdf     ;         ;
+----------------------------------+-----------------+----------------------------------------+-----------------------------------------------------------------------------+---------+


+-----------------------------------------------------+
; Analysis & Synthesis Resource Usage Summary         ;
+---------------------------------------------+-------+
; Resource                                    ; Usage ;
+---------------------------------------------+-------+
; Estimated Total logic elements              ; 804   ;
;                                             ;       ;
; Total combinational functions               ; 764   ;
; Logic element usage by number of LUT inputs ;       ;
;     -- 4 input functions                    ; 248   ;
;     -- 3 input functions                    ; 314   ;
;     -- <=2 input functions                  ; 202   ;
;                                             ;       ;
; Logic elements by mode                      ;       ;
;     -- normal mode                          ; 492   ;
;     -- arithmetic mode                      ; 272   ;
;                                             ;       ;
; Total registers                             ; 84    ;
;     -- Dedicated logic registers            ; 84    ;
;     -- I/O registers                        ; 0     ;
;                                             ;       ;
; I/O pins                                    ; 19    ;
; Total memory bits                           ; 512   ;
; Embedded Multiplier 9-bit elements          ; 0     ;
; Maximum fan-out node                        ; clk   ;
; Maximum fan-out                             ; 100   ;
; Total fan-out                               ; 2652  ;
; Average fan-out                             ; 3.00  ;
+---------------------------------------------+-------+


+--------------------------------------------------------------------------------------------------------------------------------------------------------------------------------------------------------------------------------------------------------------------------------------------------------------------------------------+
; Analysis & Synthesis Resource Utilization by Entity                                                                                                                                                                                                                                                                                  ;
+----------------------------------------------+-------------------+--------------+-------------+--------------+---------+-----------+------+--------------+------------------------------------------------------------------------------------------------------------------------------------------------------------+--------------+
; Compilation Hierarchy Node                   ; LC Combinationals ; LC Registers ; Memory Bits ; DSP Elements ; DSP 9x9 ; DSP 18x18 ; Pins ; Virtual Pins ; Full Hierarchy Name                                                                                                                                        ; Library Name ;
+----------------------------------------------+-------------------+--------------+-------------+--------------+---------+-----------+------+--------------+------------------------------------------------------------------------------------------------------------------------------------------------------------+--------------+
; |TrabalhoFinal                               ; 764 (0)           ; 84 (0)       ; 512         ; 0            ; 0       ; 0         ; 19   ; 0            ; |TrabalhoFinal                                                                                                                                             ; work         ;
;    |bc:blocontrole|                          ; 29 (29)           ; 11 (11)      ; 0           ; 0            ; 0       ; 0         ; 0    ; 0            ; |TrabalhoFinal|bc:blocontrole                                                                                                                              ; work         ;
;    |bo:blocoperativo|                        ; 735 (0)           ; 73 (0)       ; 512         ; 0            ; 0       ; 0         ; 0    ; 0            ; |TrabalhoFinal|bo:blocoperativo                                                                                                                            ; work         ;
;       |ROM:memoria|                          ; 0 (0)             ; 0 (0)        ; 512         ; 0            ; 0       ; 0         ; 0    ; 0            ; |TrabalhoFinal|bo:blocoperativo|ROM:memoria                                                                                                                ; work         ;
;          |altsyncram:altsyncram_component|   ; 0 (0)             ; 0 (0)        ; 512         ; 0            ; 0       ; 0         ; 0    ; 0            ; |TrabalhoFinal|bo:blocoperativo|ROM:memoria|altsyncram:altsyncram_component                                                                                ; work         ;
;             |altsyncram_pa81:auto_generated| ; 0 (0)             ; 0 (0)        ; 512         ; 0            ; 0       ; 0         ; 0    ; 0            ; |TrabalhoFinal|bo:blocoperativo|ROM:memoria|altsyncram:altsyncram_component|altsyncram_pa81:auto_generated                                                 ; work         ;
;       |WallaceTree:multi|                    ; 255 (120)         ; 16 (16)      ; 0           ; 0            ; 0       ; 0         ; 0    ; 0            ; |TrabalhoFinal|bo:blocoperativo|WallaceTree:multi                                                                                                          ; work         ;
;          |andvector:\ESTAGIO1:0:ANDLIST|     ; 15 (15)           ; 0 (0)        ; 0           ; 0            ; 0       ; 0         ; 0    ; 0            ; |TrabalhoFinal|bo:blocoperativo|WallaceTree:multi|andvector:\ESTAGIO1:0:ANDLIST                                                                            ; work         ;
;          |andvector:\ESTAGIO1:10:ANDLIST|    ; 6 (6)             ; 0 (0)        ; 0           ; 0            ; 0       ; 0         ; 0    ; 0            ; |TrabalhoFinal|bo:blocoperativo|WallaceTree:multi|andvector:\ESTAGIO1:10:ANDLIST                                                                           ; work         ;
;          |andvector:\ESTAGIO1:11:ANDLIST|    ; 5 (5)             ; 0 (0)        ; 0           ; 0            ; 0       ; 0         ; 0    ; 0            ; |TrabalhoFinal|bo:blocoperativo|WallaceTree:multi|andvector:\ESTAGIO1:11:ANDLIST                                                                           ; work         ;
;          |andvector:\ESTAGIO1:12:ANDLIST|    ; 4 (4)             ; 0 (0)        ; 0           ; 0            ; 0       ; 0         ; 0    ; 0            ; |TrabalhoFinal|bo:blocoperativo|WallaceTree:multi|andvector:\ESTAGIO1:12:ANDLIST                                                                           ; work         ;
;          |andvector:\ESTAGIO1:13:ANDLIST|    ; 3 (3)             ; 0 (0)        ; 0           ; 0            ; 0       ; 0         ; 0    ; 0            ; |TrabalhoFinal|bo:blocoperativo|WallaceTree:multi|andvector:\ESTAGIO1:13:ANDLIST                                                                           ; work         ;
;          |andvector:\ESTAGIO1:14:ANDLIST|    ; 2 (2)             ; 0 (0)        ; 0           ; 0            ; 0       ; 0         ; 0    ; 0            ; |TrabalhoFinal|bo:blocoperativo|WallaceTree:multi|andvector:\ESTAGIO1:14:ANDLIST                                                                           ; work         ;
;          |andvector:\ESTAGIO1:15:ANDLIST|    ; 1 (1)             ; 0 (0)        ; 0           ; 0            ; 0       ; 0         ; 0    ; 0            ; |TrabalhoFinal|bo:blocoperativo|WallaceTree:multi|andvector:\ESTAGIO1:15:ANDLIST                                                                           ; work         ;
;          |andvector:\ESTAGIO1:1:ANDLIST|     ; 15 (15)           ; 0 (0)        ; 0           ; 0            ; 0       ; 0         ; 0    ; 0            ; |TrabalhoFinal|bo:blocoperativo|WallaceTree:multi|andvector:\ESTAGIO1:1:ANDLIST                                                                            ; work         ;
;          |andvector:\ESTAGIO1:2:ANDLIST|     ; 14 (14)           ; 0 (0)        ; 0           ; 0            ; 0       ; 0         ; 0    ; 0            ; |TrabalhoFinal|bo:blocoperativo|WallaceTree:multi|andvector:\ESTAGIO1:2:ANDLIST                                                                            ; work         ;
;          |andvector:\ESTAGIO1:3:ANDLIST|     ; 13 (13)           ; 0 (0)        ; 0           ; 0            ; 0       ; 0         ; 0    ; 0            ; |TrabalhoFinal|bo:blocoperativo|WallaceTree:multi|andvector:\ESTAGIO1:3:ANDLIST                                                                            ; work         ;
;          |andvector:\ESTAGIO1:4:ANDLIST|     ; 12 (12)           ; 0 (0)        ; 0           ; 0            ; 0       ; 0         ; 0    ; 0            ; |TrabalhoFinal|bo:blocoperativo|WallaceTree:multi|andvector:\ESTAGIO1:4:ANDLIST                                                                            ; work         ;
;          |andvector:\ESTAGIO1:5:ANDLIST|     ; 11 (11)           ; 0 (0)        ; 0           ; 0            ; 0       ; 0         ; 0    ; 0            ; |TrabalhoFinal|bo:blocoperativo|WallaceTree:multi|andvector:\ESTAGIO1:5:ANDLIST                                                                            ; work         ;
;          |andvector:\ESTAGIO1:6:ANDLIST|     ; 10 (10)           ; 0 (0)        ; 0           ; 0            ; 0       ; 0         ; 0    ; 0            ; |TrabalhoFinal|bo:blocoperativo|WallaceTree:multi|andvector:\ESTAGIO1:6:ANDLIST                                                                            ; work         ;
;          |andvector:\ESTAGIO1:7:ANDLIST|     ; 9 (9)             ; 0 (0)        ; 0           ; 0            ; 0       ; 0         ; 0    ; 0            ; |TrabalhoFinal|bo:blocoperativo|WallaceTree:multi|andvector:\ESTAGIO1:7:ANDLIST                                                                            ; work         ;
;          |andvector:\ESTAGIO1:8:ANDLIST|     ; 8 (8)             ; 0 (0)        ; 0           ; 0            ; 0       ; 0         ; 0    ; 0            ; |TrabalhoFinal|bo:blocoperativo|WallaceTree:multi|andvector:\ESTAGIO1:8:ANDLIST                                                                            ; work         ;
;          |andvector:\ESTAGIO1:9:ANDLIST|     ; 7 (7)             ; 0 (0)        ; 0           ; 0            ; 0       ; 0         ; 0    ; 0            ; |TrabalhoFinal|bo:blocoperativo|WallaceTree:multi|andvector:\ESTAGIO1:9:ANDLIST                                                                            ; work         ;
;       |contador:regPC|                       ; 14 (14)           ; 5 (5)        ; 0           ; 0            ; 0       ; 0         ; 0    ; 0            ; |TrabalhoFinal|bo:blocoperativo|contador:regPC                                                                                                             ; work         ;
;       |reg:regA|                             ; 0 (0)             ; 16 (16)      ; 0           ; 0            ; 0       ; 0         ; 0    ; 0            ; |TrabalhoFinal|bo:blocoperativo|reg:regA                                                                                                                   ; work         ;
;       |reg:regB|                             ; 0 (0)             ; 16 (16)      ; 0           ; 0            ; 0       ; 0         ; 0    ; 0            ; |TrabalhoFinal|bo:blocoperativo|reg:regB                                                                                                                   ; work         ;
;       |reg:regOp|                            ; 0 (0)             ; 4 (4)        ; 0           ; 0            ; 0       ; 0         ; 0    ; 0            ; |TrabalhoFinal|bo:blocoperativo|reg:regOp                                                                                                                  ; work         ;
;       |reg:regS|                             ; 1 (1)             ; 16 (16)      ; 0           ; 0            ; 0       ; 0         ; 0    ; 0            ; |TrabalhoFinal|bo:blocoperativo|reg:regS                                                                                                                   ; work         ;
;       |ula:ula1|                             ; 465 (99)          ; 0 (0)        ; 0           ; 0            ; 0       ; 0         ; 0    ; 0            ; |TrabalhoFinal|bo:blocoperativo|ula:ula1                                                                                                                   ; work         ;
;          |lpm_divide:Div0|                   ; 366 (0)           ; 0 (0)        ; 0           ; 0            ; 0       ; 0         ; 0    ; 0            ; |TrabalhoFinal|bo:blocoperativo|ula:ula1|lpm_divide:Div0                                                                                                   ; work         ;
;             |lpm_divide_rto:auto_generated|  ; 366 (0)           ; 0 (0)        ; 0           ; 0            ; 0       ; 0         ; 0    ; 0            ; |TrabalhoFinal|bo:blocoperativo|ula:ula1|lpm_divide:Div0|lpm_divide_rto:auto_generated                                                                     ; work         ;
;                |abs_divider_8dg:divider|     ; 366 (32)          ; 0 (0)        ; 0           ; 0            ; 0       ; 0         ; 0    ; 0            ; |TrabalhoFinal|bo:blocoperativo|ula:ula1|lpm_divide:Div0|lpm_divide_rto:auto_generated|abs_divider_8dg:divider                                             ; work         ;
;                   |alt_u_div_s5f:divider|    ; 284 (281)         ; 0 (0)        ; 0           ; 0            ; 0       ; 0         ; 0    ; 0            ; |TrabalhoFinal|bo:blocoperativo|ula:ula1|lpm_divide:Div0|lpm_divide_rto:auto_generated|abs_divider_8dg:divider|alt_u_div_s5f:divider                       ; work         ;
;                      |add_sub_lkc:add_sub_0| ; 1 (1)             ; 0 (0)        ; 0           ; 0            ; 0       ; 0         ; 0    ; 0            ; |TrabalhoFinal|bo:blocoperativo|ula:ula1|lpm_divide:Div0|lpm_divide_rto:auto_generated|abs_divider_8dg:divider|alt_u_div_s5f:divider|add_sub_lkc:add_sub_0 ; work         ;
;                      |add_sub_mkc:add_sub_1| ; 2 (2)             ; 0 (0)        ; 0           ; 0            ; 0       ; 0         ; 0    ; 0            ; |TrabalhoFinal|bo:blocoperativo|ula:ula1|lpm_divide:Div0|lpm_divide_rto:auto_generated|abs_divider_8dg:divider|alt_u_div_s5f:divider|add_sub_mkc:add_sub_1 ; work         ;
;                   |lpm_abs_2s9:my_abs_den|   ; 29 (29)           ; 0 (0)        ; 0           ; 0            ; 0       ; 0         ; 0    ; 0            ; |TrabalhoFinal|bo:blocoperativo|ula:ula1|lpm_divide:Div0|lpm_divide_rto:auto_generated|abs_divider_8dg:divider|lpm_abs_2s9:my_abs_den                      ; work         ;
;                   |lpm_abs_2s9:my_abs_num|   ; 21 (21)           ; 0 (0)        ; 0           ; 0            ; 0       ; 0         ; 0    ; 0            ; |TrabalhoFinal|bo:blocoperativo|ula:ula1|lpm_divide:Div0|lpm_divide_rto:auto_generated|abs_divider_8dg:divider|lpm_abs_2s9:my_abs_num                      ; work         ;
+----------------------------------------------+-------------------+--------------+-------------+--------------+---------+-----------+------+--------------+------------------------------------------------------------------------------------------------------------------------------------------------------------+--------------+
Note: For table entries with two numbers listed, the numbers in parentheses indicate the number of resources of the given type used by the specific entity alone. The numbers listed outside of parentheses indicate the total resources of the given type used by the specific entity and all of its sub-entities in the hierarchy.


+------------------------------------------------------------------------------------------------------------------------------------------------------------------------------------------------------------+
; Analysis & Synthesis RAM Summary                                                                                                                                                                           ;
+--------------------------------------------------------------------------------------------------------+------+------+--------------+--------------+--------------+--------------+------+------------------+
; Name                                                                                                   ; Type ; Mode ; Port A Depth ; Port A Width ; Port B Depth ; Port B Width ; Size ; MIF              ;
+--------------------------------------------------------------------------------------------------------+------+------+--------------+--------------+--------------+--------------+------+------------------+
; bo:blocoperativo|ROM:memoria|altsyncram:altsyncram_component|altsyncram_pa81:auto_generated|ALTSYNCRAM ; AUTO ; ROM  ; 32           ; 16           ; --           ; --           ; 512  ; rom_text_16b.mif ;
+--------------------------------------------------------------------------------------------------------+------+------+--------------+--------------+--------------+--------------+------+------------------+


+----------------------------------------------------------------------------------------------------------------------------------------------------------------------------+
; Analysis & Synthesis IP Cores Summary                                                                                                                                      ;
+--------+--------------+---------+--------------+--------------+---------------------------------------------+--------------------------------------------------------------+
; Vendor ; IP Core Name ; Version ; Release Date ; License Type ; Entity Instance                             ; IP Include File                                              ;
+--------+--------------+---------+--------------+--------------+---------------------------------------------+--------------------------------------------------------------+
; Altera ; ROM: 1-PORT  ; 13.0    ; N/A          ; N/A          ; |TrabalhoFinal|bo:blocoperativo|ROM:memoria ; C:/Users/Marki/Desktop/ProjetosQuartus/TrabalhoFinal/ROM.vhd ;
+--------+--------------+---------+--------------+--------------+---------------------------------------------+--------------------------------------------------------------+


Encoding Type:  One-Hot
+-------------------------------------------------------------------------------------------------------------------------------------+
; State Machine - |TrabalhoFinal|bc:blocontrole|state                                                                                 ;
+-----------+-----------+----------+----------+----------+----------+----------+----------+----------+----------+----------+----------+
; Name      ; state.s10 ; state.s9 ; state.s8 ; state.s7 ; state.S6 ; state.S5 ; state.S4 ; state.S3 ; state.S2 ; state.S1 ; state.S0 ;
+-----------+-----------+----------+----------+----------+----------+----------+----------+----------+----------+----------+----------+
; state.S0  ; 0         ; 0        ; 0        ; 0        ; 0        ; 0        ; 0        ; 0        ; 0        ; 0        ; 0        ;
; state.S1  ; 0         ; 0        ; 0        ; 0        ; 0        ; 0        ; 0        ; 0        ; 0        ; 1        ; 1        ;
; state.S2  ; 0         ; 0        ; 0        ; 0        ; 0        ; 0        ; 0        ; 0        ; 1        ; 0        ; 1        ;
; state.S3  ; 0         ; 0        ; 0        ; 0        ; 0        ; 0        ; 0        ; 1        ; 0        ; 0        ; 1        ;
; state.S4  ; 0         ; 0        ; 0        ; 0        ; 0        ; 0        ; 1        ; 0        ; 0        ; 0        ; 1        ;
; state.S5  ; 0         ; 0        ; 0        ; 0        ; 0        ; 1        ; 0        ; 0        ; 0        ; 0        ; 1        ;
; state.S6  ; 0         ; 0        ; 0        ; 0        ; 1        ; 0        ; 0        ; 0        ; 0        ; 0        ; 1        ;
; state.s7  ; 0         ; 0        ; 0        ; 1        ; 0        ; 0        ; 0        ; 0        ; 0        ; 0        ; 1        ;
; state.s8  ; 0         ; 0        ; 1        ; 0        ; 0        ; 0        ; 0        ; 0        ; 0        ; 0        ; 1        ;
; state.s9  ; 0         ; 1        ; 0        ; 0        ; 0        ; 0        ; 0        ; 0        ; 0        ; 0        ; 1        ;
; state.s10 ; 1         ; 0        ; 0        ; 0        ; 0        ; 0        ; 0        ; 0        ; 0        ; 0        ; 1        ;
+-----------+-----------+----------+----------+----------+----------+----------+----------+----------+----------+----------+----------+


+-------------------------------------------------------------------------------------------------------+
; User-Specified and Inferred Latches                                                                   ;
+----------------------------------------------------+-------------------------+------------------------+
; Latch Name                                         ; Latch Enable Signal     ; Free of Timing Hazards ;
+----------------------------------------------------+-------------------------+------------------------+
; bc:blocontrole|enOut                               ; bc:blocontrole|WideOr17 ; yes                    ;
; bc:blocontrole|enOp                                ; bc:blocontrole|WideOr15 ; yes                    ;
; bc:blocontrole|enB                                 ; bc:blocontrole|WideOr13 ; yes                    ;
; bc:blocontrole|enA                                 ; bc:blocontrole|WideOr11 ; yes                    ;
; bc:blocontrole|enMulti                             ; bc:blocontrole|WideOr20 ; yes                    ;
; bc:blocontrole|pcaux[1]                            ; bc:blocontrole|WideOr18 ; yes                    ;
; bc:blocontrole|pcaux[0]                            ; bc:blocontrole|WideOr19 ; yes                    ;
; bc:blocontrole|enPC                                ; bc:blocontrole|WideOr9  ; yes                    ;
; Number of user-specified and inferred latches = 8  ;                         ;                        ;
+----------------------------------------------------+-------------------------+------------------------+
Note: All latches listed above may not be present at the end of synthesis due to various synthesis optimizations.


+--------------------------------------------------------------------------------+
; Registers Removed During Synthesis                                             ;
+---------------------------------------+----------------------------------------+
; Register name                         ; Reason for Removal                     ;
+---------------------------------------+----------------------------------------+
; bo:blocoperativo|reg:regZ|S[0,1]      ; Stuck at GND due to stuck port data_in ;
; bo:blocoperativo|contador:regPC|c[5]  ; Lost fanout                            ;
; Total Number of Removed Registers = 3 ;                                        ;
+---------------------------------------+----------------------------------------+


+------------------------------------------------------+
; General Register Statistics                          ;
+----------------------------------------------+-------+
; Statistic                                    ; Value ;
+----------------------------------------------+-------+
; Total registers                              ; 84    ;
; Number of registers using Synchronous Clear  ; 0     ;
; Number of registers using Synchronous Load   ; 0     ;
; Number of registers using Asynchronous Clear ; 0     ;
; Number of registers using Asynchronous Load  ; 0     ;
; Number of registers using Clock Enable       ; 73    ;
; Number of registers using Preset             ; 0     ;
+----------------------------------------------+-------+


+--------------------------------------------------+
; Inverted Register Statistics                     ;
+----------------------------------------+---------+
; Inverted Register                      ; Fan out ;
+----------------------------------------+---------+
; bo:blocoperativo|contador:regPC|c[0]   ; 3       ;
; bo:blocoperativo|contador:regPC|c[1]   ; 2       ;
; bo:blocoperativo|contador:regPC|c[2]   ; 2       ;
; bo:blocoperativo|contador:regPC|c[3]   ; 2       ;
; bo:blocoperativo|contador:regPC|c[4]   ; 2       ;
; Total number of inverted registers = 5 ;         ;
+----------------------------------------+---------+


+-------------------------------------------------------------------------------------------------------------------------------------------------------------+
; Multiplexer Restructuring Statistics (Restructuring Performed)                                                                                              ;
+--------------------+-----------+---------------+----------------------+------------------------+------------+-----------------------------------------------+
; Multiplexer Inputs ; Bus Width ; Baseline Area ; Area if Restructured ; Saving if Restructured ; Registered ; Example Multiplexer Output                    ;
+--------------------+-----------+---------------+----------------------+------------------------+------------+-----------------------------------------------+
; 16:1               ; 16 bits   ; 160 LEs       ; 80 LEs               ; 80 LEs                 ; Yes        ; |TrabalhoFinal|bo:blocoperativo|reg:regS|S[4] ;
; 4:1                ; 16 bits   ; 32 LEs        ; 0 LEs                ; 32 LEs                 ; No         ; |TrabalhoFinal|bo:blocoperativo|ula:ula1|Add0 ;
; 4:1                ; 16 bits   ; 32 LEs        ; 32 LEs               ; 0 LEs                  ; No         ; |TrabalhoFinal|bo:blocoperativo|ula:ula1|Add0 ;
+--------------------+-----------+---------------+----------------------+------------------------+------------+-----------------------------------------------+


+--------------------------------------------------------------------------------------------------------------------+
; Source assignments for bo:blocoperativo|ROM:memoria|altsyncram:altsyncram_component|altsyncram_pa81:auto_generated ;
+---------------------------------+--------------------+------+------------------------------------------------------+
; Assignment                      ; Value              ; From ; To                                                   ;
+---------------------------------+--------------------+------+------------------------------------------------------+
; OPTIMIZE_POWER_DURING_SYNTHESIS ; NORMAL_COMPILATION ; -    ; -                                                    ;
+---------------------------------+--------------------+------+------------------------------------------------------+


+-------------------------------------------------------------------------------+
; Parameter Settings for User Entity Instance: Top-level Entity: |TrabalhoFinal ;
+----------------+-------+------------------------------------------------------+
; Parameter Name ; Value ; Type                                                 ;
+----------------+-------+------------------------------------------------------+
; n              ; 16    ; Signed Integer                                       ;
+----------------+-------+------------------------------------------------------+
Note: In order to hide this table in the UI and the text report file, please set the "Show Parameter Settings in Synthesis Report" option in "Analysis and Synthesis Settings -> More Settings" to "Off".


+---------------------------------------------------------------+
; Parameter Settings for User Entity Instance: bo:blocoperativo ;
+----------------+-------+--------------------------------------+
; Parameter Name ; Value ; Type                                 ;
+----------------+-------+--------------------------------------+
; n              ; 16    ; Signed Integer                       ;
+----------------+-------+--------------------------------------+
Note: In order to hide this table in the UI and the text report file, please set the "Show Parameter Settings in Synthesis Report" option in "Analysis and Synthesis Settings -> More Settings" to "Off".


+-----------------------------------------------------------------------------------------------------------+
; Parameter Settings for User Entity Instance: bo:blocoperativo|ROM:memoria|altsyncram:altsyncram_component ;
+------------------------------------+----------------------+-----------------------------------------------+
; Parameter Name                     ; Value                ; Type                                          ;
+------------------------------------+----------------------+-----------------------------------------------+
; BYTE_SIZE_BLOCK                    ; 8                    ; Untyped                                       ;
; AUTO_CARRY_CHAINS                  ; ON                   ; AUTO_CARRY                                    ;
; IGNORE_CARRY_BUFFERS               ; OFF                  ; IGNORE_CARRY                                  ;
; AUTO_CASCADE_CHAINS                ; ON                   ; AUTO_CASCADE                                  ;
; IGNORE_CASCADE_BUFFERS             ; OFF                  ; IGNORE_CASCADE                                ;
; WIDTH_BYTEENA                      ; 1                    ; Untyped                                       ;
; OPERATION_MODE                     ; ROM                  ; Untyped                                       ;
; WIDTH_A                            ; 16                   ; Signed Integer                                ;
; WIDTHAD_A                          ; 5                    ; Signed Integer                                ;
; NUMWORDS_A                         ; 32                   ; Signed Integer                                ;
; OUTDATA_REG_A                      ; UNREGISTERED         ; Untyped                                       ;
; ADDRESS_ACLR_A                     ; NONE                 ; Untyped                                       ;
; OUTDATA_ACLR_A                     ; NONE                 ; Untyped                                       ;
; WRCONTROL_ACLR_A                   ; NONE                 ; Untyped                                       ;
; INDATA_ACLR_A                      ; NONE                 ; Untyped                                       ;
; BYTEENA_ACLR_A                     ; NONE                 ; Untyped                                       ;
; WIDTH_B                            ; 1                    ; Untyped                                       ;
; WIDTHAD_B                          ; 1                    ; Untyped                                       ;
; NUMWORDS_B                         ; 1                    ; Untyped                                       ;
; INDATA_REG_B                       ; CLOCK1               ; Untyped                                       ;
; WRCONTROL_WRADDRESS_REG_B          ; CLOCK1               ; Untyped                                       ;
; RDCONTROL_REG_B                    ; CLOCK1               ; Untyped                                       ;
; ADDRESS_REG_B                      ; CLOCK1               ; Untyped                                       ;
; OUTDATA_REG_B                      ; UNREGISTERED         ; Untyped                                       ;
; BYTEENA_REG_B                      ; CLOCK1               ; Untyped                                       ;
; INDATA_ACLR_B                      ; NONE                 ; Untyped                                       ;
; WRCONTROL_ACLR_B                   ; NONE                 ; Untyped                                       ;
; ADDRESS_ACLR_B                     ; NONE                 ; Untyped                                       ;
; OUTDATA_ACLR_B                     ; NONE                 ; Untyped                                       ;
; RDCONTROL_ACLR_B                   ; NONE                 ; Untyped                                       ;
; BYTEENA_ACLR_B                     ; NONE                 ; Untyped                                       ;
; WIDTH_BYTEENA_A                    ; 1                    ; Signed Integer                                ;
; WIDTH_BYTEENA_B                    ; 1                    ; Untyped                                       ;
; RAM_BLOCK_TYPE                     ; AUTO                 ; Untyped                                       ;
; BYTE_SIZE                          ; 8                    ; Untyped                                       ;
; READ_DURING_WRITE_MODE_MIXED_PORTS ; DONT_CARE            ; Untyped                                       ;
; READ_DURING_WRITE_MODE_PORT_A      ; NEW_DATA_NO_NBE_READ ; Untyped                                       ;
; READ_DURING_WRITE_MODE_PORT_B      ; NEW_DATA_NO_NBE_READ ; Untyped                                       ;
; INIT_FILE                          ; rom_text_16b.mif     ; Untyped                                       ;
; INIT_FILE_LAYOUT                   ; PORT_A               ; Untyped                                       ;
; MAXIMUM_DEPTH                      ; 0                    ; Untyped                                       ;
; CLOCK_ENABLE_INPUT_A               ; BYPASS               ; Untyped                                       ;
; CLOCK_ENABLE_INPUT_B               ; NORMAL               ; Untyped                                       ;
; CLOCK_ENABLE_OUTPUT_A              ; BYPASS               ; Untyped                                       ;
; CLOCK_ENABLE_OUTPUT_B              ; NORMAL               ; Untyped                                       ;
; CLOCK_ENABLE_CORE_A                ; USE_INPUT_CLKEN      ; Untyped                                       ;
; CLOCK_ENABLE_CORE_B                ; USE_INPUT_CLKEN      ; Untyped                                       ;
; ENABLE_ECC                         ; FALSE                ; Untyped                                       ;
; ECC_PIPELINE_STAGE_ENABLED         ; FALSE                ; Untyped                                       ;
; WIDTH_ECCSTATUS                    ; 3                    ; Untyped                                       ;
; DEVICE_FAMILY                      ; Cyclone II           ; Untyped                                       ;
; CBXI_PARAMETER                     ; altsyncram_pa81      ; Untyped                                       ;
+------------------------------------+----------------------+-----------------------------------------------+
Note: In order to hide this table in the UI and the text report file, please set the "Show Parameter Settings in Synthesis Report" option in "Analysis and Synthesis Settings -> More Settings" to "Off".


+------------------------------------------------------------------------+
; Parameter Settings for User Entity Instance: bo:blocoperativo|reg:regA ;
+----------------+-------+-----------------------------------------------+
; Parameter Name ; Value ; Type                                          ;
+----------------+-------+-----------------------------------------------+
; n              ; 16    ; Signed Integer                                ;
+----------------+-------+-----------------------------------------------+
Note: In order to hide this table in the UI and the text report file, please set the "Show Parameter Settings in Synthesis Report" option in "Analysis and Synthesis Settings -> More Settings" to "Off".


+------------------------------------------------------------------------+
; Parameter Settings for User Entity Instance: bo:blocoperativo|reg:regB ;
+----------------+-------+-----------------------------------------------+
; Parameter Name ; Value ; Type                                          ;
+----------------+-------+-----------------------------------------------+
; n              ; 16    ; Signed Integer                                ;
+----------------+-------+-----------------------------------------------+
Note: In order to hide this table in the UI and the text report file, please set the "Show Parameter Settings in Synthesis Report" option in "Analysis and Synthesis Settings -> More Settings" to "Off".


+-------------------------------------------------------------------------+
; Parameter Settings for User Entity Instance: bo:blocoperativo|reg:regOp ;
+----------------+-------+------------------------------------------------+
; Parameter Name ; Value ; Type                                           ;
+----------------+-------+------------------------------------------------+
; n              ; 4     ; Signed Integer                                 ;
+----------------+-------+------------------------------------------------+
Note: In order to hide this table in the UI and the text report file, please set the "Show Parameter Settings in Synthesis Report" option in "Analysis and Synthesis Settings -> More Settings" to "Off".


+------------------------------------------------------------------------+
; Parameter Settings for User Entity Instance: bo:blocoperativo|reg:regS ;
+----------------+-------+-----------------------------------------------+
; Parameter Name ; Value ; Type                                          ;
+----------------+-------+-----------------------------------------------+
; n              ; 16    ; Signed Integer                                ;
+----------------+-------+-----------------------------------------------+
Note: In order to hide this table in the UI and the text report file, please set the "Show Parameter Settings in Synthesis Report" option in "Analysis and Synthesis Settings -> More Settings" to "Off".


+------------------------------------------------------------------------+
; Parameter Settings for User Entity Instance: bo:blocoperativo|reg:regZ ;
+----------------+-------+-----------------------------------------------+
; Parameter Name ; Value ; Type                                          ;
+----------------+-------+-----------------------------------------------+
; n              ; 2     ; Signed Integer                                ;
+----------------+-------+-----------------------------------------------+
Note: In order to hide this table in the UI and the text report file, please set the "Show Parameter Settings in Synthesis Report" option in "Analysis and Synthesis Settings -> More Settings" to "Off".


+------------------------------------------------------------------------+
; Parameter Settings for User Entity Instance: bo:blocoperativo|ula:ula1 ;
+----------------+-------+-----------------------------------------------+
; Parameter Name ; Value ; Type                                          ;
+----------------+-------+-----------------------------------------------+
; n              ; 16    ; Signed Integer                                ;
+----------------+-------+-----------------------------------------------+
Note: In order to hide this table in the UI and the text report file, please set the "Show Parameter Settings in Synthesis Report" option in "Analysis and Synthesis Settings -> More Settings" to "Off".


+---------------------------------------------------------------------------------+
; Parameter Settings for User Entity Instance: bo:blocoperativo|WallaceTree:multi ;
+----------------+-------+--------------------------------------------------------+
; Parameter Name ; Value ; Type                                                   ;
+----------------+-------+--------------------------------------------------------+
; n              ; 16    ; Signed Integer                                         ;
+----------------+-------+--------------------------------------------------------+
Note: In order to hide this table in the UI and the text report file, please set the "Show Parameter Settings in Synthesis Report" option in "Analysis and Synthesis Settings -> More Settings" to "Off".


+---------------------------------------------------------------------------------------------------------------+
; Parameter Settings for User Entity Instance: bo:blocoperativo|WallaceTree:multi|andvector:\ESTAGIO1:0:ANDLIST ;
+----------------+-------+--------------------------------------------------------------------------------------+
; Parameter Name ; Value ; Type                                                                                 ;
+----------------+-------+--------------------------------------------------------------------------------------+
; n              ; 16    ; Signed Integer                                                                       ;
+----------------+-------+--------------------------------------------------------------------------------------+
Note: In order to hide this table in the UI and the text report file, please set the "Show Parameter Settings in Synthesis Report" option in "Analysis and Synthesis Settings -> More Settings" to "Off".


+---------------------------------------------------------------------------------------------------------------+
; Parameter Settings for User Entity Instance: bo:blocoperativo|WallaceTree:multi|andvector:\ESTAGIO1:1:ANDLIST ;
+----------------+-------+--------------------------------------------------------------------------------------+
; Parameter Name ; Value ; Type                                                                                 ;
+----------------+-------+--------------------------------------------------------------------------------------+
; n              ; 16    ; Signed Integer                                                                       ;
+----------------+-------+--------------------------------------------------------------------------------------+
Note: In order to hide this table in the UI and the text report file, please set the "Show Parameter Settings in Synthesis Report" option in "Analysis and Synthesis Settings -> More Settings" to "Off".


+---------------------------------------------------------------------------------------------------------------+
; Parameter Settings for User Entity Instance: bo:blocoperativo|WallaceTree:multi|andvector:\ESTAGIO1:2:ANDLIST ;
+----------------+-------+--------------------------------------------------------------------------------------+
; Parameter Name ; Value ; Type                                                                                 ;
+----------------+-------+--------------------------------------------------------------------------------------+
; n              ; 16    ; Signed Integer                                                                       ;
+----------------+-------+--------------------------------------------------------------------------------------+
Note: In order to hide this table in the UI and the text report file, please set the "Show Parameter Settings in Synthesis Report" option in "Analysis and Synthesis Settings -> More Settings" to "Off".


+---------------------------------------------------------------------------------------------------------------+
; Parameter Settings for User Entity Instance: bo:blocoperativo|WallaceTree:multi|andvector:\ESTAGIO1:3:ANDLIST ;
+----------------+-------+--------------------------------------------------------------------------------------+
; Parameter Name ; Value ; Type                                                                                 ;
+----------------+-------+--------------------------------------------------------------------------------------+
; n              ; 16    ; Signed Integer                                                                       ;
+----------------+-------+--------------------------------------------------------------------------------------+
Note: In order to hide this table in the UI and the text report file, please set the "Show Parameter Settings in Synthesis Report" option in "Analysis and Synthesis Settings -> More Settings" to "Off".


+---------------------------------------------------------------------------------------------------------------+
; Parameter Settings for User Entity Instance: bo:blocoperativo|WallaceTree:multi|andvector:\ESTAGIO1:4:ANDLIST ;
+----------------+-------+--------------------------------------------------------------------------------------+
; Parameter Name ; Value ; Type                                                                                 ;
+----------------+-------+--------------------------------------------------------------------------------------+
; n              ; 16    ; Signed Integer                                                                       ;
+----------------+-------+--------------------------------------------------------------------------------------+
Note: In order to hide this table in the UI and the text report file, please set the "Show Parameter Settings in Synthesis Report" option in "Analysis and Synthesis Settings -> More Settings" to "Off".


+---------------------------------------------------------------------------------------------------------------+
; Parameter Settings for User Entity Instance: bo:blocoperativo|WallaceTree:multi|andvector:\ESTAGIO1:5:ANDLIST ;
+----------------+-------+--------------------------------------------------------------------------------------+
; Parameter Name ; Value ; Type                                                                                 ;
+----------------+-------+--------------------------------------------------------------------------------------+
; n              ; 16    ; Signed Integer                                                                       ;
+----------------+-------+--------------------------------------------------------------------------------------+
Note: In order to hide this table in the UI and the text report file, please set the "Show Parameter Settings in Synthesis Report" option in "Analysis and Synthesis Settings -> More Settings" to "Off".


+---------------------------------------------------------------------------------------------------------------+
; Parameter Settings for User Entity Instance: bo:blocoperativo|WallaceTree:multi|andvector:\ESTAGIO1:6:ANDLIST ;
+----------------+-------+--------------------------------------------------------------------------------------+
; Parameter Name ; Value ; Type                                                                                 ;
+----------------+-------+--------------------------------------------------------------------------------------+
; n              ; 16    ; Signed Integer                                                                       ;
+----------------+-------+--------------------------------------------------------------------------------------+
Note: In order to hide this table in the UI and the text report file, please set the "Show Parameter Settings in Synthesis Report" option in "Analysis and Synthesis Settings -> More Settings" to "Off".


+---------------------------------------------------------------------------------------------------------------+
; Parameter Settings for User Entity Instance: bo:blocoperativo|WallaceTree:multi|andvector:\ESTAGIO1:7:ANDLIST ;
+----------------+-------+--------------------------------------------------------------------------------------+
; Parameter Name ; Value ; Type                                                                                 ;
+----------------+-------+--------------------------------------------------------------------------------------+
; n              ; 16    ; Signed Integer                                                                       ;
+----------------+-------+--------------------------------------------------------------------------------------+
Note: In order to hide this table in the UI and the text report file, please set the "Show Parameter Settings in Synthesis Report" option in "Analysis and Synthesis Settings -> More Settings" to "Off".


+---------------------------------------------------------------------------------------------------------------+
; Parameter Settings for User Entity Instance: bo:blocoperativo|WallaceTree:multi|andvector:\ESTAGIO1:8:ANDLIST ;
+----------------+-------+--------------------------------------------------------------------------------------+
; Parameter Name ; Value ; Type                                                                                 ;
+----------------+-------+--------------------------------------------------------------------------------------+
; n              ; 16    ; Signed Integer                                                                       ;
+----------------+-------+--------------------------------------------------------------------------------------+
Note: In order to hide this table in the UI and the text report file, please set the "Show Parameter Settings in Synthesis Report" option in "Analysis and Synthesis Settings -> More Settings" to "Off".


+---------------------------------------------------------------------------------------------------------------+
; Parameter Settings for User Entity Instance: bo:blocoperativo|WallaceTree:multi|andvector:\ESTAGIO1:9:ANDLIST ;
+----------------+-------+--------------------------------------------------------------------------------------+
; Parameter Name ; Value ; Type                                                                                 ;
+----------------+-------+--------------------------------------------------------------------------------------+
; n              ; 16    ; Signed Integer                                                                       ;
+----------------+-------+--------------------------------------------------------------------------------------+
Note: In order to hide this table in the UI and the text report file, please set the "Show Parameter Settings in Synthesis Report" option in "Analysis and Synthesis Settings -> More Settings" to "Off".


+----------------------------------------------------------------------------------------------------------------+
; Parameter Settings for User Entity Instance: bo:blocoperativo|WallaceTree:multi|andvector:\ESTAGIO1:10:ANDLIST ;
+----------------+-------+---------------------------------------------------------------------------------------+
; Parameter Name ; Value ; Type                                                                                  ;
+----------------+-------+---------------------------------------------------------------------------------------+
; n              ; 16    ; Signed Integer                                                                        ;
+----------------+-------+---------------------------------------------------------------------------------------+
Note: In order to hide this table in the UI and the text report file, please set the "Show Parameter Settings in Synthesis Report" option in "Analysis and Synthesis Settings -> More Settings" to "Off".


+----------------------------------------------------------------------------------------------------------------+
; Parameter Settings for User Entity Instance: bo:blocoperativo|WallaceTree:multi|andvector:\ESTAGIO1:11:ANDLIST ;
+----------------+-------+---------------------------------------------------------------------------------------+
; Parameter Name ; Value ; Type                                                                                  ;
+----------------+-------+---------------------------------------------------------------------------------------+
; n              ; 16    ; Signed Integer                                                                        ;
+----------------+-------+---------------------------------------------------------------------------------------+
Note: In order to hide this table in the UI and the text report file, please set the "Show Parameter Settings in Synthesis Report" option in "Analysis and Synthesis Settings -> More Settings" to "Off".


+----------------------------------------------------------------------------------------------------------------+
; Parameter Settings for User Entity Instance: bo:blocoperativo|WallaceTree:multi|andvector:\ESTAGIO1:12:ANDLIST ;
+----------------+-------+---------------------------------------------------------------------------------------+
; Parameter Name ; Value ; Type                                                                                  ;
+----------------+-------+---------------------------------------------------------------------------------------+
; n              ; 16    ; Signed Integer                                                                        ;
+----------------+-------+---------------------------------------------------------------------------------------+
Note: In order to hide this table in the UI and the text report file, please set the "Show Parameter Settings in Synthesis Report" option in "Analysis and Synthesis Settings -> More Settings" to "Off".


+----------------------------------------------------------------------------------------------------------------+
; Parameter Settings for User Entity Instance: bo:blocoperativo|WallaceTree:multi|andvector:\ESTAGIO1:13:ANDLIST ;
+----------------+-------+---------------------------------------------------------------------------------------+
; Parameter Name ; Value ; Type                                                                                  ;
+----------------+-------+---------------------------------------------------------------------------------------+
; n              ; 16    ; Signed Integer                                                                        ;
+----------------+-------+---------------------------------------------------------------------------------------+
Note: In order to hide this table in the UI and the text report file, please set the "Show Parameter Settings in Synthesis Report" option in "Analysis and Synthesis Settings -> More Settings" to "Off".


+----------------------------------------------------------------------------------------------------------------+
; Parameter Settings for User Entity Instance: bo:blocoperativo|WallaceTree:multi|andvector:\ESTAGIO1:14:ANDLIST ;
+----------------+-------+---------------------------------------------------------------------------------------+
; Parameter Name ; Value ; Type                                                                                  ;
+----------------+-------+---------------------------------------------------------------------------------------+
; n              ; 16    ; Signed Integer                                                                        ;
+----------------+-------+---------------------------------------------------------------------------------------+
Note: In order to hide this table in the UI and the text report file, please set the "Show Parameter Settings in Synthesis Report" option in "Analysis and Synthesis Settings -> More Settings" to "Off".


+----------------------------------------------------------------------------------------------------------------+
; Parameter Settings for User Entity Instance: bo:blocoperativo|WallaceTree:multi|andvector:\ESTAGIO1:15:ANDLIST ;
+----------------+-------+---------------------------------------------------------------------------------------+
; Parameter Name ; Value ; Type                                                                                  ;
+----------------+-------+---------------------------------------------------------------------------------------+
; n              ; 16    ; Signed Integer                                                                        ;
+----------------+-------+---------------------------------------------------------------------------------------+
Note: In order to hide this table in the UI and the text report file, please set the "Show Parameter Settings in Synthesis Report" option in "Analysis and Synthesis Settings -> More Settings" to "Off".


+--------------------------------------------------------------------------------------------+
; Parameter Settings for Inferred Entity Instance: bo:blocoperativo|ula:ula1|lpm_divide:Div0 ;
+------------------------+----------------+--------------------------------------------------+
; Parameter Name         ; Value          ; Type                                             ;
+------------------------+----------------+--------------------------------------------------+
; LPM_WIDTHN             ; 16             ; Untyped                                          ;
; LPM_WIDTHD             ; 16             ; Untyped                                          ;
; LPM_NREPRESENTATION    ; SIGNED         ; Untyped                                          ;
; LPM_DREPRESENTATION    ; SIGNED         ; Untyped                                          ;
; LPM_PIPELINE           ; 0              ; Untyped                                          ;
; LPM_REMAINDERPOSITIVE  ; FALSE          ; Untyped                                          ;
; MAXIMIZE_SPEED         ; 5              ; Untyped                                          ;
; CBXI_PARAMETER         ; lpm_divide_rto ; Untyped                                          ;
; CARRY_CHAIN            ; MANUAL         ; Untyped                                          ;
; OPTIMIZE_FOR_SPEED     ; 5              ; Untyped                                          ;
; AUTO_CARRY_CHAINS      ; ON             ; AUTO_CARRY                                       ;
; IGNORE_CARRY_BUFFERS   ; OFF            ; IGNORE_CARRY                                     ;
; AUTO_CASCADE_CHAINS    ; ON             ; AUTO_CASCADE                                     ;
; IGNORE_CASCADE_BUFFERS ; OFF            ; IGNORE_CASCADE                                   ;
+------------------------+----------------+--------------------------------------------------+
Note: In order to hide this table in the UI and the text report file, please set the "Show Parameter Settings in Synthesis Report" option in "Analysis and Synthesis Settings -> More Settings" to "Off".


+----------------------------------------------------------------------------------------------------------+
; altsyncram Parameter Settings by Entity Instance                                                         ;
+-------------------------------------------+--------------------------------------------------------------+
; Name                                      ; Value                                                        ;
+-------------------------------------------+--------------------------------------------------------------+
; Number of entity instances                ; 1                                                            ;
; Entity Instance                           ; bo:blocoperativo|ROM:memoria|altsyncram:altsyncram_component ;
;     -- OPERATION_MODE                     ; ROM                                                          ;
;     -- WIDTH_A                            ; 16                                                           ;
;     -- NUMWORDS_A                         ; 32                                                           ;
;     -- OUTDATA_REG_A                      ; UNREGISTERED                                                 ;
;     -- WIDTH_B                            ; 1                                                            ;
;     -- NUMWORDS_B                         ; 1                                                            ;
;     -- ADDRESS_REG_B                      ; CLOCK1                                                       ;
;     -- OUTDATA_REG_B                      ; UNREGISTERED                                                 ;
;     -- RAM_BLOCK_TYPE                     ; AUTO                                                         ;
;     -- READ_DURING_WRITE_MODE_MIXED_PORTS ; DONT_CARE                                                    ;
+-------------------------------------------+--------------------------------------------------------------+


+-------------------------------------------------------------------------------------------------------------------------+
; Port Connectivity Checks: "bo:blocoperativo|WallaceTree:multi"                                                          ;
+---------------+--------+----------+-------------------------------------------------------------------------------------+
; Port          ; Type   ; Severity ; Details                                                                             ;
+---------------+--------+----------+-------------------------------------------------------------------------------------+
; saida[31..16] ; Output ; Info     ; Connected to dangling logic. Logic that only feeds a dangling port will be removed. ;
+---------------+--------+----------+-------------------------------------------------------------------------------------+


+-------------------------------+
; Elapsed Time Per Partition    ;
+----------------+--------------+
; Partition Name ; Elapsed Time ;
+----------------+--------------+
; Top            ; 00:00:01     ;
+----------------+--------------+


+-------------------------------+
; Analysis & Synthesis Messages ;
+-------------------------------+
Info: *******************************************************************
Info: Running Quartus II 64-Bit Analysis & Synthesis
    Info: Version 13.0.1 Build 232 06/12/2013 Service Pack 1 SJ Web Edition
    Info: Processing started: Wed May 05 23:12:36 2021
Info: Command: quartus_map --read_settings_files=on --write_settings_files=off TrabalhoFinal -c TrabalhoFinal
Warning (20028): Parallel compilation is not licensed and has been disabled
Info (12021): Found 2 design units, including 1 entities, in source file trabalhofinal.vhd
    Info (12022): Found design unit 1: trabalhoFinal-behave
    Info (12023): Found entity 1: TrabalhoFinal
Info (12021): Found 2 design units, including 1 entities, in source file bo.vhd
    Info (12022): Found design unit 1: bo-behave
    Info (12023): Found entity 1: bo
Info (12021): Found 2 design units, including 1 entities, in source file bc.vhd
    Info (12022): Found design unit 1: bc-behave
    Info (12023): Found entity 1: bc
Info (12021): Found 2 design units, including 1 entities, in source file reg.vhd
    Info (12022): Found design unit 1: reg-behave
    Info (12023): Found entity 1: reg
Info (12021): Found 2 design units, including 1 entities, in source file contador.vhd
    Info (12022): Found design unit 1: contador-behave
    Info (12023): Found entity 1: contador
Info (12021): Found 2 design units, including 1 entities, in source file ula.vhd
    Info (12022): Found design unit 1: ula-behave
    Info (12023): Found entity 1: ula
Info (12021): Found 2 design units, including 1 entities, in source file rom.vhd
    Info (12022): Found design unit 1: rom-SYN
    Info (12023): Found entity 1: ROM
Info (12021): Found 2 design units, including 1 entities, in source file and_vector.vhd
    Info (12022): Found design unit 1: andvector-rtl
    Info (12023): Found entity 1: andvector
Info (12021): Found 2 design units, including 1 entities, in source file multiplicador.vhd
    Info (12022): Found design unit 1: WallaceTree-behv
    Info (12023): Found entity 1: WallaceTree
Warning (12019): Can't analyze file -- file contaN.vhd is missing
Warning (12019): Can't analyze file -- file divisor.vhd is missing
Warning (12019): Can't analyze file -- file reg_divisor.vhd is missing
Info (12127): Elaborating entity "TrabalhoFinal" for the top level hierarchy
Info (12128): Elaborating entity "bc" for hierarchy "bc:blocontrole"
Warning (10631): VHDL Process Statement warning at bc.vhd(66): inferring latch(es) for signal or variable "enPC", which holds its previous value in one or more paths through the process
Warning (10631): VHDL Process Statement warning at bc.vhd(66): inferring latch(es) for signal or variable "enA", which holds its previous value in one or more paths through the process
Warning (10631): VHDL Process Statement warning at bc.vhd(66): inferring latch(es) for signal or variable "enB", which holds its previous value in one or more paths through the process
Warning (10631): VHDL Process Statement warning at bc.vhd(66): inferring latch(es) for signal or variable "enOp", which holds its previous value in one or more paths through the process
Warning (10631): VHDL Process Statement warning at bc.vhd(66): inferring latch(es) for signal or variable "enOut", which holds its previous value in one or more paths through the process
Warning (10631): VHDL Process Statement warning at bc.vhd(66): inferring latch(es) for signal or variable "pcaux", which holds its previous value in one or more paths through the process
Warning (10631): VHDL Process Statement warning at bc.vhd(66): inferring latch(es) for signal or variable "enMulti", which holds its previous value in one or more paths through the process
Info (10041): Inferred latch for "enMulti" at bc.vhd(66)
Info (10041): Inferred latch for "pcaux[0]" at bc.vhd(66)
Info (10041): Inferred latch for "pcaux[1]" at bc.vhd(66)
Info (10041): Inferred latch for "enOut" at bc.vhd(66)
Info (10041): Inferred latch for "enOp" at bc.vhd(66)
Info (10041): Inferred latch for "enB" at bc.vhd(66)
Info (10041): Inferred latch for "enA" at bc.vhd(66)
Info (10041): Inferred latch for "enPC" at bc.vhd(66)
Info (12128): Elaborating entity "bo" for hierarchy "bo:blocoperativo"
Info (12128): Elaborating entity "contador" for hierarchy "bo:blocoperativo|contador:regPC"
Info (12128): Elaborating entity "ROM" for hierarchy "bo:blocoperativo|ROM:memoria"
Info (12128): Elaborating entity "altsyncram" for hierarchy "bo:blocoperativo|ROM:memoria|altsyncram:altsyncram_component"
Info (12130): Elaborated megafunction instantiation "bo:blocoperativo|ROM:memoria|altsyncram:altsyncram_component"
Info (12133): Instantiated megafunction "bo:blocoperativo|ROM:memoria|altsyncram:altsyncram_component" with the following parameter:
    Info (12134): Parameter "clock_enable_input_a" = "BYPASS"
    Info (12134): Parameter "clock_enable_output_a" = "BYPASS"
    Info (12134): Parameter "init_file" = "rom_text_16b.mif"
    Info (12134): Parameter "intended_device_family" = "Cyclone II"
    Info (12134): Parameter "lpm_hint" = "ENABLE_RUNTIME_MOD=NO"
    Info (12134): Parameter "lpm_type" = "altsyncram"
    Info (12134): Parameter "numwords_a" = "32"
    Info (12134): Parameter "operation_mode" = "ROM"
    Info (12134): Parameter "outdata_aclr_a" = "NONE"
    Info (12134): Parameter "outdata_reg_a" = "UNREGISTERED"
    Info (12134): Parameter "widthad_a" = "5"
    Info (12134): Parameter "width_a" = "16"
    Info (12134): Parameter "width_byteena_a" = "1"
Info (12021): Found 1 design units, including 1 entities, in source file db/altsyncram_pa81.tdf
    Info (12023): Found entity 1: altsyncram_pa81
Info (12128): Elaborating entity "altsyncram_pa81" for hierarchy "bo:blocoperativo|ROM:memoria|altsyncram:altsyncram_component|altsyncram_pa81:auto_generated"
Info (12128): Elaborating entity "reg" for hierarchy "bo:blocoperativo|reg:regA"
Info (12128): Elaborating entity "reg" for hierarchy "bo:blocoperativo|reg:regOp"
Info (12128): Elaborating entity "reg" for hierarchy "bo:blocoperativo|reg:regZ"
Info (12128): Elaborating entity "ula" for hierarchy "bo:blocoperativo|ula:ula1"
Info (12128): Elaborating entity "WallaceTree" for hierarchy "bo:blocoperativo|WallaceTree:multi"
Warning (10445): VHDL Subtype or Type Declaration warning at multiplicador.vhd(32): subtype or type has null range
Warning (10445): VHDL Subtype or Type Declaration warning at multiplicador.vhd(47): subtype or type has null range
Warning (10296): VHDL warning at multiplicador.vhd(47): ignored assignment of value to null range
Info (12128): Elaborating entity "andvector" for hierarchy "bo:blocoperativo|WallaceTree:multi|andvector:\ESTAGIO1:0:ANDLIST"
Info (278001): Inferred 1 megafunctions from design logic
    Info (278004): Inferred divider/modulo megafunction ("lpm_divide") from the following logic: "bo:blocoperativo|ula:ula1|Div0"
Info (12130): Elaborated megafunction instantiation "bo:blocoperativo|ula:ula1|lpm_divide:Div0"
Info (12133): Instantiated megafunction "bo:blocoperativo|ula:ula1|lpm_divide:Div0" with the following parameter:
    Info (12134): Parameter "LPM_WIDTHN" = "16"
    Info (12134): Parameter "LPM_WIDTHD" = "16"
    Info (12134): Parameter "LPM_NREPRESENTATION" = "SIGNED"
    Info (12134): Parameter "LPM_DREPRESENTATION" = "SIGNED"
    Info (12134): Parameter "LPM_HINT" = "LPM_REMAINDERPOSITIVE=FALSE"
Info (12021): Found 1 design units, including 1 entities, in source file db/lpm_divide_rto.tdf
    Info (12023): Found entity 1: lpm_divide_rto
Info (12021): Found 1 design units, including 1 entities, in source file db/abs_divider_8dg.tdf
    Info (12023): Found entity 1: abs_divider_8dg
Info (12021): Found 1 design units, including 1 entities, in source file db/alt_u_div_s5f.tdf
    Info (12023): Found entity 1: alt_u_div_s5f
Info (12021): Found 1 design units, including 1 entities, in source file db/add_sub_lkc.tdf
    Info (12023): Found entity 1: add_sub_lkc
Info (12021): Found 1 design units, including 1 entities, in source file db/add_sub_mkc.tdf
    Info (12023): Found entity 1: add_sub_mkc
Info (12021): Found 1 design units, including 1 entities, in source file db/lpm_abs_2s9.tdf
    Info (12023): Found entity 1: lpm_abs_2s9
Info (13014): Ignored 30 buffer(s)
    Info (13016): Ignored 30 CARRY_SUM buffer(s)
Warning (13012): Latch bc:blocontrole|enOut has unsafe behavior
    Warning (13013): Ports D and ENA on the latch are fed by the same signal bc:blocontrole|state.S1
Warning (13012): Latch bc:blocontrole|enOp has unsafe behavior
    Warning (13013): Ports D and ENA on the latch are fed by the same signal bc:blocontrole|state.S3
Warning (13012): Latch bc:blocontrole|enB has unsafe behavior
    Warning (13013): Ports D and ENA on the latch are fed by the same signal bc:blocontrole|state.s8
Warning (13012): Latch bc:blocontrole|enA has unsafe behavior
    Warning (13013): Ports D and ENA on the latch are fed by the same signal bc:blocontrole|state.S6
Warning (13012): Latch bc:blocontrole|enMulti has unsafe behavior
    Warning (13013): Ports D and ENA on the latch are fed by the same signal bc:blocontrole|state.s10
Warning (13012): Latch bc:blocontrole|pcaux[1] has unsafe behavior
    Warning (13013): Ports D and ENA on the latch are fed by the same signal bc:blocontrole|state.S3
Warning (13012): Latch bc:blocontrole|pcaux[0] has unsafe behavior
    Warning (13013): Ports D and ENA on the latch are fed by the same signal bc:blocontrole|state.S3
Warning (13024): Output pins are stuck at VCC or GND
    Warning (13410): Pin "flagZ[0]" is stuck at GND
    Warning (13410): Pin "flagZ[1]" is stuck at GND
Info (17049): 1 registers lost all their fanouts during netlist optimizations.
Info (16010): Generating hard_block partition "hard_block:auto_generated_inst"
    Info (16011): Adding 0 node(s), including 0 DDIO, 0 PLL, 0 transceiver and 0 LCELL
Info (21057): Implemented 839 device resources after synthesis - the final resource count might be different
    Info (21058): Implemented 1 input pins
    Info (21059): Implemented 18 output pins
    Info (21061): Implemented 804 logic cells
    Info (21064): Implemented 16 RAM segments
Info: Quartus II 64-Bit Analysis & Synthesis was successful. 0 errors, 31 warnings
    Info: Peak virtual memory: 4663 megabytes
    Info: Processing ended: Wed May 05 23:12:40 2021
    Info: Elapsed time: 00:00:04
    Info: Total CPU time (on all processors): 00:00:03


